Arguments: 
  C:\Program Files\nodejs\node.exe C:\Users\cbaraka\AppData\Roaming\npm\node_modules\yarn\bin\yarn.js init

PATH: 
  C:\Python311\Scripts\;C:\Python311\;C:\Program Files\Microsoft\jdk-11.0.16.101-hotspot\bin;C:\WINDOWS\system32;C:\WINDOWS;C:\WINDOWS\System32\Wbem;C:\WINDOWS\System32\WindowsPowerShell\v1.0\;C:\WINDOWS\System32\OpenSSH\;C:\Program Files\Microsoft SQL Server\150\Tools\Binn\;C:\Program Files\Microsoft SQL Server\Client SDK\ODBC\170\Tools\Binn\;C:\Program Files (x86)\Windows Kits\10\Windows Performance Toolkit\;C:\Program Files\nodejs\;C:\ProgramData\chocolatey\bin;C:\Program Files\MongoDB\mongosh-1.10.6-win32-x64\bin;C:\Users\cbaraka\AppData\Local\Programs\Python\Python311\Scripts\;C:\Users\cbaraka\AppData\Local\Programs\Python\Python311\;C:\Users\cbaraka\AppData\Local\Microsoft\WindowsApps;C:\Users\cbaraka\AppData\Local\Programs\Microsoft VS Code\bin;C:\Users\cbaraka\AppData\Roaming\npm;C:\Users\cbaraka\AppData\Local\Programs\Git\cmd

Yarn version: 
  1.22.19

Node version: 
  20.6.1

Platform: 
  win32 x64

Trace: 
  Error: canceled
      at Interface.<anonymous> (C:\Users\cbaraka\AppData\Roaming\npm\node_modules\yarn\lib\cli.js:137150:13)
      at Interface.emit (node:events:514:28)
      at [_ttyWrite] [as _ttyWrite] (node:internal/readline/interface:1125:18)
      at ReadStream.onkeypress (node:internal/readline/interface:264:20)
      at ReadStream.emit (node:events:514:28)
      at emitKeys (node:internal/readline/utils:371:14)
      at emitKeys.next (<anonymous>)
      at ReadStream.onData (node:internal/readline/emitKeypressEvents:64:36)
      at ReadStream.emit (node:events:514:28)
      at addChunk (node:internal/streams/readable:343:12)

npm manifest: 
  {
    "dependencies": {
      "yarn": "^1.22.19"
    }
  }

yarn manifest: 
  No manifest

Lockfile: 
  No lockfile
